build/app/intermediates/manifest_merge_blame_file/debug/manifest-merger-blame-debug-report.txt
1<?xml version="1.0" encoding="utf-8"?>
2<manifest xmlns:android="http://schemas.android.com/apk/res/android"
3    package="com.jaggus.vendor"
4    android:versionCode="9"
5    android:versionName="2.2.7" >
6
7    <uses-sdk
8        android:minSdkVersion="21"
9        android:targetSdkVersion="34" />
10    <!--
11         Flutter needs it to communicate with the running application
12         to allow setting breakpoints, to provide hot reload, etc.
13    -->
14    <uses-permission android:name="android.permission.INTERNET" />
14-->src\main\AndroidManifest.xml:3:5-67
14-->src\main\AndroidManifest.xml:3:22-64
15    <uses-permission android:name="android.permission.ACCESS_FINE_LOCATION" />
15-->src\main\AndroidManifest.xml:4:5-79
15-->src\main\AndroidManifest.xml:4:22-76
16    <uses-permission android:name="android.permission.ACCESS_COARSE_LOCATION" />
16-->src\main\AndroidManifest.xml:5:5-81
16-->src\main\AndroidManifest.xml:5:22-78
17    <uses-permission android:name="android.permission.FOREGROUND_SERVICE" />
17-->src\main\AndroidManifest.xml:6:5-77
17-->src\main\AndroidManifest.xml:6:22-74
18    <uses-permission android:name="android.permission.VIBRATE" />
18-->src\main\AndroidManifest.xml:7:5-66
18-->src\main\AndroidManifest.xml:7:22-63
19    <uses-permission android:name="android.permission.ACCESS_NETWORK_STATE" />
19-->src\main\AndroidManifest.xml:8:5-78
19-->src\main\AndroidManifest.xml:8:22-76
20    <uses-permission android:name="android.permission.POST_NOTIFICATIONS" />
20-->src\main\AndroidManifest.xml:9:5-76
20-->src\main\AndroidManifest.xml:9:22-74
21    <uses-permission android:name="android.permission.WAKE_LOCK" /> <!-- Required by older versions of Google Play services to create IID tokens -->
21-->[:firebase_analytics] AndroidManifest.xml:11:5-68
21-->[:firebase_analytics] AndroidManifest.xml:11:22-65
22    <uses-permission android:name="com.google.android.c2dm.permission.RECEIVE" />
22-->[com.google.firebase:firebase-iid:21.1.0] AndroidManifest.xml:26:5-82
22-->[com.google.firebase:firebase-iid:21.1.0] AndroidManifest.xml:26:22-79
23
24    <uses-feature
24-->[com.google.android.gms:play-services-maps:18.2.0] AndroidManifest.xml:26:5-28:35
25        android:glEsVersion="0x00020000"
25-->[com.google.android.gms:play-services-maps:18.2.0] AndroidManifest.xml:27:9-41
26        android:required="true" />
26-->[com.google.android.gms:play-services-maps:18.2.0] AndroidManifest.xml:28:9-32
27
28    <queries>
28-->[com.google.android.gms:play-services-maps:18.2.0] AndroidManifest.xml:30:5-34:15
29
30        <!-- Needs to be explicitly declared on Android R+ -->
31        <package android:name="com.google.android.apps.maps" />
31-->[com.google.android.gms:play-services-maps:18.2.0] AndroidManifest.xml:33:9-64
31-->[com.google.android.gms:play-services-maps:18.2.0] AndroidManifest.xml:33:18-61
32    </queries>
33
34    <uses-permission android:name="com.google.android.gms.permission.AD_ID" />
34-->[com.google.android.gms:play-services-measurement-api:21.6.1] AndroidManifest.xml:25:5-79
34-->[com.google.android.gms:play-services-measurement-api:21.6.1] AndroidManifest.xml:25:22-76
35    <uses-permission android:name="android.permission.ACCESS_ADSERVICES_ATTRIBUTION" />
35-->[com.google.android.gms:play-services-measurement-api:21.6.1] AndroidManifest.xml:26:5-88
35-->[com.google.android.gms:play-services-measurement-api:21.6.1] AndroidManifest.xml:26:22-85
36    <uses-permission android:name="android.permission.ACCESS_ADSERVICES_AD_ID" />
36-->[com.google.android.gms:play-services-measurement-api:21.6.1] AndroidManifest.xml:27:5-82
36-->[com.google.android.gms:play-services-measurement-api:21.6.1] AndroidManifest.xml:27:22-79
37    <uses-permission android:name="com.google.android.finsky.permission.BIND_GET_INSTALL_REFERRER_SERVICE" />
37-->[com.google.android.gms:play-services-measurement:21.6.1] AndroidManifest.xml:26:5-110
37-->[com.google.android.gms:play-services-measurement:21.6.1] AndroidManifest.xml:26:22-107
38
39    <permission
39-->[androidx.core:core:1.13.1] AndroidManifest.xml:22:5-24:47
40        android:name="com.jaggus.vendor.DYNAMIC_RECEIVER_NOT_EXPORTED_PERMISSION"
40-->[androidx.core:core:1.13.1] AndroidManifest.xml:23:9-81
41        android:protectionLevel="signature" />
41-->[androidx.core:core:1.13.1] AndroidManifest.xml:24:9-44
42
43    <uses-permission android:name="com.jaggus.vendor.DYNAMIC_RECEIVER_NOT_EXPORTED_PERMISSION" />
43-->[androidx.core:core:1.13.1] AndroidManifest.xml:26:5-97
43-->[androidx.core:core:1.13.1] AndroidManifest.xml:26:22-94
44
45    <application
45-->src\main\AndroidManifest.xml:11:4-56:19
46        android:appComponentFactory="androidx.core.app.CoreComponentFactory"
46-->[androidx.core:core:1.13.1] AndroidManifest.xml:28:18-86
47        android:debuggable="true"
48        android:icon="@mipmap/ic_launcher"
48-->src\main\AndroidManifest.xml:13:9-43
49        android:label="Jaggu&apos;s Vendor" >
49-->src\main\AndroidManifest.xml:12:9-39
50        <activity
50-->src\main\AndroidManifest.xml:14:9-47:20
51            android:name="com.jaggus.vendor.MainActivity"
51-->src\main\AndroidManifest.xml:15:13-41
52            android:configChanges="orientation|keyboardHidden|keyboard|screenSize|smallestScreenSize|locale|layoutDirection|fontScale|screenLayout|density|uiMode"
52-->src\main\AndroidManifest.xml:19:13-163
53            android:exported="true"
53-->src\main\AndroidManifest.xml:16:13-36
54            android:hardwareAccelerated="true"
54-->src\main\AndroidManifest.xml:20:13-47
55            android:launchMode="singleTop"
55-->src\main\AndroidManifest.xml:17:13-43
56            android:theme="@style/LaunchTheme"
56-->src\main\AndroidManifest.xml:18:13-47
57            android:windowSoftInputMode="adjustResize" >
57-->src\main\AndroidManifest.xml:21:13-55
58
59            <!--
60                 Specifies an Android theme to apply to this Activity as soon as
61                 the Android process has started. This theme is visible to the user
62                 while the Flutter UI initializes. After that, this theme continues
63                 to determine the Window background behind the Flutter UI.
64            -->
65            <meta-data
65-->src\main\AndroidManifest.xml:26:13-29:17
66                android:name="io.flutter.embedding.android.NormalTheme"
66-->src\main\AndroidManifest.xml:27:15-70
67                android:resource="@style/NormalTheme" />
67-->src\main\AndroidManifest.xml:28:15-52
68            <!--
69                 Displays an Android View that continues showing the launch screen
70                 Drawable until Flutter paints its first frame, then this splash
71                 screen fades out. A splash screen is useful to avoid any visual
72                 gap between the end of Android's launch screen and the painting of
73                 Flutter's first frame.
74            -->
75            <meta-data
75-->src\main\AndroidManifest.xml:35:13-38:17
76                android:name="io.flutter.embedding.android.SplashScreenDrawable"
76-->src\main\AndroidManifest.xml:36:15-79
77                android:resource="@drawable/launch_background" />
77-->src\main\AndroidManifest.xml:37:15-61
78
79            <intent-filter>
79-->src\main\AndroidManifest.xml:39:13-42:29
80                <action android:name="android.intent.action.MAIN" />
80-->src\main\AndroidManifest.xml:40:17-68
80-->src\main\AndroidManifest.xml:40:25-66
81
82                <category android:name="android.intent.category.LAUNCHER" />
82-->src\main\AndroidManifest.xml:41:17-76
82-->src\main\AndroidManifest.xml:41:27-74
83            </intent-filter>
84            <intent-filter>
84-->src\main\AndroidManifest.xml:43:13-46:29
85                <action android:name="FLUTTER_NOTIFICATION_CLICK" />
85-->src\main\AndroidManifest.xml:44:17-69
85-->src\main\AndroidManifest.xml:44:25-66
86
87                <category android:name="android.intent.category.DEFAULT" />
87-->src\main\AndroidManifest.xml:45:17-76
87-->src\main\AndroidManifest.xml:45:27-73
88            </intent-filter>
89        </activity>
90        <!--
91             Don't delete the meta-data below.
92             This is used by the Flutter tool to generate GeneratedPluginRegistrant.java
93        -->
94        <meta-data
94-->src\main\AndroidManifest.xml:50:9-52:33
95            android:name="flutterEmbedding"
95-->src\main\AndroidManifest.xml:51:13-44
96            android:value="2" />
96-->src\main\AndroidManifest.xml:52:13-30
97        <meta-data
97-->src\main\AndroidManifest.xml:53:8-54:69
98            android:name="com.google.android.geo.API_KEY"
98-->src\main\AndroidManifest.xml:53:19-64
99            android:value="AIzaSyC52koocV79jA34n9nHZHxyAcLVaQhWkXQ" />
99-->src\main\AndroidManifest.xml:54:12-67
100
101        <service
101-->[:firebase_analytics] AndroidManifest.xml:14:9-18:19
102            android:name="com.google.firebase.components.ComponentDiscoveryService"
102-->[:firebase_analytics] AndroidManifest.xml:14:18-89
103            android:directBootAware="true"
103-->[com.google.firebase:firebase-common:20.4.3] AndroidManifest.xml:32:13-43
104            android:exported="false" >
104-->[com.google.firebase:firebase-iid:21.1.0] AndroidManifest.xml:31:13-37
105            <meta-data
105-->[:firebase_analytics] AndroidManifest.xml:15:13-17:85
106                android:name="com.google.firebase.components:io.flutter.plugins.firebase.analytics.FlutterFirebaseAppRegistrar"
106-->[:firebase_analytics] AndroidManifest.xml:16:17-128
107                android:value="com.google.firebase.components.ComponentRegistrar" />
107-->[:firebase_analytics] AndroidManifest.xml:17:17-82
108            <meta-data
108-->[:firebase_messaging] AndroidManifest.xml:38:13-40:85
109                android:name="com.google.firebase.components:io.flutter.plugins.firebase.messaging.FlutterFirebaseAppRegistrar"
109-->[:firebase_messaging] AndroidManifest.xml:39:17-128
110                android:value="com.google.firebase.components.ComponentRegistrar" />
110-->[:firebase_messaging] AndroidManifest.xml:40:17-82
111            <meta-data
111-->[:firebase_core] AndroidManifest.xml:11:13-13:85
112                android:name="com.google.firebase.components:io.flutter.plugins.firebase.core.FlutterFirebaseCoreRegistrar"
112-->[:firebase_core] AndroidManifest.xml:12:17-124
113                android:value="com.google.firebase.components.ComponentRegistrar" />
113-->[:firebase_core] AndroidManifest.xml:13:17-82
114            <meta-data
114-->[com.google.firebase:firebase-iid:21.1.0] AndroidManifest.xml:32:13-34:85
115                android:name="com.google.firebase.components:com.google.firebase.iid.Registrar"
115-->[com.google.firebase:firebase-iid:21.1.0] AndroidManifest.xml:33:17-96
116                android:value="com.google.firebase.components.ComponentRegistrar" />
116-->[com.google.firebase:firebase-iid:21.1.0] AndroidManifest.xml:34:17-82
117            <meta-data
117-->[com.google.firebase:firebase-messaging:23.4.1] AndroidManifest.xml:57:13-59:85
118                android:name="com.google.firebase.components:com.google.firebase.messaging.FirebaseMessagingKtxRegistrar"
118-->[com.google.firebase:firebase-messaging:23.4.1] AndroidManifest.xml:58:17-122
119                android:value="com.google.firebase.components.ComponentRegistrar" />
119-->[com.google.firebase:firebase-messaging:23.4.1] AndroidManifest.xml:59:17-82
120            <meta-data
120-->[com.google.firebase:firebase-messaging:23.4.1] AndroidManifest.xml:60:13-62:85
121                android:name="com.google.firebase.components:com.google.firebase.messaging.FirebaseMessagingRegistrar"
121-->[com.google.firebase:firebase-messaging:23.4.1] AndroidManifest.xml:61:17-119
122                android:value="com.google.firebase.components.ComponentRegistrar" />
122-->[com.google.firebase:firebase-messaging:23.4.1] AndroidManifest.xml:62:17-82
123            <meta-data
123-->[com.google.android.gms:play-services-measurement-api:21.6.1] AndroidManifest.xml:37:13-39:85
124                android:name="com.google.firebase.components:com.google.firebase.analytics.connector.internal.AnalyticsConnectorRegistrar"
124-->[com.google.android.gms:play-services-measurement-api:21.6.1] AndroidManifest.xml:38:17-139
125                android:value="com.google.firebase.components.ComponentRegistrar" />
125-->[com.google.android.gms:play-services-measurement-api:21.6.1] AndroidManifest.xml:39:17-82
126            <meta-data
126-->[com.google.firebase:firebase-installations:17.2.0] AndroidManifest.xml:15:13-17:85
127                android:name="com.google.firebase.components:com.google.firebase.installations.FirebaseInstallationsKtxRegistrar"
127-->[com.google.firebase:firebase-installations:17.2.0] AndroidManifest.xml:16:17-130
128                android:value="com.google.firebase.components.ComponentRegistrar" />
128-->[com.google.firebase:firebase-installations:17.2.0] AndroidManifest.xml:17:17-82
129            <meta-data
129-->[com.google.firebase:firebase-installations:17.2.0] AndroidManifest.xml:18:13-20:85
130                android:name="com.google.firebase.components:com.google.firebase.installations.FirebaseInstallationsRegistrar"
130-->[com.google.firebase:firebase-installations:17.2.0] AndroidManifest.xml:19:17-127
131                android:value="com.google.firebase.components.ComponentRegistrar" />
131-->[com.google.firebase:firebase-installations:17.2.0] AndroidManifest.xml:20:17-82
132            <meta-data
132-->[com.google.firebase:firebase-common-ktx:20.4.3] AndroidManifest.xml:12:13-14:85
133                android:name="com.google.firebase.components:com.google.firebase.ktx.FirebaseCommonLegacyRegistrar"
133-->[com.google.firebase:firebase-common-ktx:20.4.3] AndroidManifest.xml:13:17-116
134                android:value="com.google.firebase.components.ComponentRegistrar" />
134-->[com.google.firebase:firebase-common-ktx:20.4.3] AndroidManifest.xml:14:17-82
135            <meta-data
135-->[com.google.firebase:firebase-common:20.4.3] AndroidManifest.xml:35:13-37:85
136                android:name="com.google.firebase.components:com.google.firebase.FirebaseCommonKtxRegistrar"
136-->[com.google.firebase:firebase-common:20.4.3] AndroidManifest.xml:36:17-109
137                android:value="com.google.firebase.components.ComponentRegistrar" />
137-->[com.google.firebase:firebase-common:20.4.3] AndroidManifest.xml:37:17-82
138            <meta-data
138-->[com.google.firebase:firebase-datatransport:18.1.7] AndroidManifest.xml:27:13-29:85
139                android:name="com.google.firebase.components:com.google.firebase.datatransport.TransportRegistrar"
139-->[com.google.firebase:firebase-datatransport:18.1.7] AndroidManifest.xml:28:17-115
140                android:value="com.google.firebase.components.ComponentRegistrar" />
140-->[com.google.firebase:firebase-datatransport:18.1.7] AndroidManifest.xml:29:17-82
141        </service>
142        <service
142-->[:firebase_messaging] AndroidManifest.xml:16:9-19:72
143            android:name="io.flutter.plugins.firebase.messaging.FlutterFirebaseMessagingBackgroundService"
143-->[:firebase_messaging] AndroidManifest.xml:17:13-107
144            android:exported="false"
144-->[:firebase_messaging] AndroidManifest.xml:18:13-37
145            android:permission="android.permission.BIND_JOB_SERVICE" />
145-->[:firebase_messaging] AndroidManifest.xml:19:13-69
146        <service
146-->[:firebase_messaging] AndroidManifest.xml:20:9-26:19
147            android:name="io.flutter.plugins.firebase.messaging.FlutterFirebaseMessagingService"
147-->[:firebase_messaging] AndroidManifest.xml:21:13-97
148            android:exported="false" >
148-->[:firebase_messaging] AndroidManifest.xml:22:13-37
149            <intent-filter>
149-->[:firebase_messaging] AndroidManifest.xml:23:13-25:29
150                <action android:name="com.google.firebase.MESSAGING_EVENT" />
150-->[:firebase_messaging] AndroidManifest.xml:24:17-78
150-->[:firebase_messaging] AndroidManifest.xml:24:25-75
151            </intent-filter>
152        </service>
153
154        <receiver
154-->[:firebase_messaging] AndroidManifest.xml:28:9-35:20
155            android:name="io.flutter.plugins.firebase.messaging.FlutterFirebaseMessagingReceiver"
155-->[:firebase_messaging] AndroidManifest.xml:29:13-98
156            android:exported="true"
156-->[:firebase_messaging] AndroidManifest.xml:30:13-36
157            android:permission="com.google.android.c2dm.permission.SEND" >
157-->[:firebase_messaging] AndroidManifest.xml:31:13-73
158            <intent-filter>
158-->[:firebase_messaging] AndroidManifest.xml:32:13-34:29
159                <action android:name="com.google.android.c2dm.intent.RECEIVE" />
159-->[:firebase_messaging] AndroidManifest.xml:33:17-81
159-->[:firebase_messaging] AndroidManifest.xml:33:25-78
160            </intent-filter>
161        </receiver>
162
163        <provider
163-->[:firebase_messaging] AndroidManifest.xml:43:9-47:38
164            android:name="io.flutter.plugins.firebase.messaging.FlutterFirebaseMessagingInitProvider"
164-->[:firebase_messaging] AndroidManifest.xml:44:13-102
165            android:authorities="com.jaggus.vendor.flutterfirebasemessaginginitprovider"
165-->[:firebase_messaging] AndroidManifest.xml:45:13-88
166            android:exported="false"
166-->[:firebase_messaging] AndroidManifest.xml:46:13-37
167            android:initOrder="99" />
167-->[:firebase_messaging] AndroidManifest.xml:47:13-35
168        <provider
168-->[:image_picker_android] AndroidManifest.xml:11:9-19:20
169            android:name="io.flutter.plugins.imagepicker.ImagePickerFileProvider"
169-->[:image_picker_android] AndroidManifest.xml:12:13-82
170            android:authorities="com.jaggus.vendor.flutter.image_provider"
170-->[:image_picker_android] AndroidManifest.xml:13:13-74
171            android:exported="false"
171-->[:image_picker_android] AndroidManifest.xml:14:13-37
172            android:grantUriPermissions="true" >
172-->[:image_picker_android] AndroidManifest.xml:15:13-47
173            <meta-data
173-->[:image_picker_android] AndroidManifest.xml:16:13-18:75
174                android:name="android.support.FILE_PROVIDER_PATHS"
174-->[:image_picker_android] AndroidManifest.xml:17:17-67
175                android:resource="@xml/flutter_image_picker_file_paths" />
175-->[:image_picker_android] AndroidManifest.xml:18:17-72
176        </provider> <!-- Trigger Google Play services to install the backported photo picker module. -->
177        <service
177-->[:image_picker_android] AndroidManifest.xml:21:9-33:19
178            android:name="com.google.android.gms.metadata.ModuleDependencies"
178-->[:image_picker_android] AndroidManifest.xml:22:13-78
179            android:enabled="false"
179-->[:image_picker_android] AndroidManifest.xml:23:13-36
180            android:exported="false" >
180-->[:image_picker_android] AndroidManifest.xml:24:13-37
181            <intent-filter>
181-->[:image_picker_android] AndroidManifest.xml:26:13-28:29
182                <action android:name="com.google.android.gms.metadata.MODULE_DEPENDENCIES" />
182-->[:image_picker_android] AndroidManifest.xml:27:17-94
182-->[:image_picker_android] AndroidManifest.xml:27:25-91
183            </intent-filter>
184
185            <meta-data
185-->[:image_picker_android] AndroidManifest.xml:30:13-32:36
186                android:name="photopicker_activity:0:required"
186-->[:image_picker_android] AndroidManifest.xml:31:17-63
187                android:value="" />
187-->[:image_picker_android] AndroidManifest.xml:32:17-33
188        </service>
189        <service
189-->[:location] AndroidManifest.xml:13:9-17:56
190            android:name="com.lyokone.location.FlutterLocationService"
190-->[:location] AndroidManifest.xml:14:13-71
191            android:enabled="true"
191-->[:location] AndroidManifest.xml:15:13-35
192            android:exported="false"
192-->[:location] AndroidManifest.xml:16:13-37
193            android:foregroundServiceType="location" />
193-->[:location] AndroidManifest.xml:17:13-53
194
195        <activity
195-->[:url_launcher_android] AndroidManifest.xml:10:9-13:74
196            android:name="io.flutter.plugins.urllauncher.WebViewActivity"
196-->[:url_launcher_android] AndroidManifest.xml:11:13-74
197            android:exported="false"
197-->[:url_launcher_android] AndroidManifest.xml:12:13-37
198            android:theme="@android:style/Theme.NoTitleBar.Fullscreen" /> <!-- Needs to be explicitly declared on P+ -->
198-->[:url_launcher_android] AndroidManifest.xml:13:13-71
199        <uses-library
199-->[com.google.android.gms:play-services-maps:18.2.0] AndroidManifest.xml:39:9-41:40
200            android:name="org.apache.http.legacy"
200-->[com.google.android.gms:play-services-maps:18.2.0] AndroidManifest.xml:40:13-50
201            android:required="false" />
201-->[com.google.android.gms:play-services-maps:18.2.0] AndroidManifest.xml:41:13-37
202
203        <receiver
203-->[com.google.firebase:firebase-messaging:23.4.1] AndroidManifest.xml:29:9-40:20
204            android:name="com.google.firebase.iid.FirebaseInstanceIdReceiver"
204-->[com.google.firebase:firebase-messaging:23.4.1] AndroidManifest.xml:30:13-78
205            android:exported="true"
205-->[com.google.firebase:firebase-messaging:23.4.1] AndroidManifest.xml:31:13-36
206            android:permission="com.google.android.c2dm.permission.SEND" >
206-->[com.google.firebase:firebase-messaging:23.4.1] AndroidManifest.xml:32:13-73
207            <intent-filter>
207-->[:firebase_messaging] AndroidManifest.xml:32:13-34:29
208                <action android:name="com.google.android.c2dm.intent.RECEIVE" />
208-->[:firebase_messaging] AndroidManifest.xml:33:17-81
208-->[:firebase_messaging] AndroidManifest.xml:33:25-78
209            </intent-filter>
210
211            <meta-data
211-->[com.google.firebase:firebase-messaging:23.4.1] AndroidManifest.xml:37:13-39:40
212                android:name="com.google.android.gms.cloudmessaging.FINISHED_AFTER_HANDLED"
212-->[com.google.firebase:firebase-messaging:23.4.1] AndroidManifest.xml:38:17-92
213                android:value="true" />
213-->[com.google.firebase:firebase-messaging:23.4.1] AndroidManifest.xml:39:17-37
214        </receiver>
215        <!--
216             FirebaseMessagingService performs security checks at runtime,
217             but set to not exported to explicitly avoid allowing another app to call it.
218        -->
219        <service
219-->[com.google.firebase:firebase-messaging:23.4.1] AndroidManifest.xml:46:9-53:19
220            android:name="com.google.firebase.messaging.FirebaseMessagingService"
220-->[com.google.firebase:firebase-messaging:23.4.1] AndroidManifest.xml:47:13-82
221            android:directBootAware="true"
221-->[com.google.firebase:firebase-messaging:23.4.1] AndroidManifest.xml:48:13-43
222            android:exported="false" >
222-->[com.google.firebase:firebase-messaging:23.4.1] AndroidManifest.xml:49:13-37
223            <intent-filter android:priority="-500" >
223-->[:firebase_messaging] AndroidManifest.xml:23:13-25:29
224                <action android:name="com.google.firebase.MESSAGING_EVENT" />
224-->[:firebase_messaging] AndroidManifest.xml:24:17-78
224-->[:firebase_messaging] AndroidManifest.xml:24:25-75
225            </intent-filter>
226        </service>
227
228        <activity
228-->[com.google.android.gms:play-services-base:18.3.0] AndroidManifest.xml:20:9-22:45
229            android:name="com.google.android.gms.common.api.GoogleApiActivity"
229-->[com.google.android.gms:play-services-base:18.3.0] AndroidManifest.xml:20:19-85
230            android:exported="false"
230-->[com.google.android.gms:play-services-base:18.3.0] AndroidManifest.xml:22:19-43
231            android:theme="@android:style/Theme.Translucent.NoTitleBar" />
231-->[com.google.android.gms:play-services-base:18.3.0] AndroidManifest.xml:21:19-78
232
233        <property
233-->[com.google.android.gms:play-services-measurement-api:21.6.1] AndroidManifest.xml:30:9-32:61
234            android:name="android.adservices.AD_SERVICES_CONFIG"
234-->[com.google.android.gms:play-services-measurement-api:21.6.1] AndroidManifest.xml:31:13-65
235            android:resource="@xml/ga_ad_services_config" />
235-->[com.google.android.gms:play-services-measurement-api:21.6.1] AndroidManifest.xml:32:13-58
236
237        <provider
237-->[com.google.firebase:firebase-common:20.4.3] AndroidManifest.xml:23:9-28:39
238            android:name="com.google.firebase.provider.FirebaseInitProvider"
238-->[com.google.firebase:firebase-common:20.4.3] AndroidManifest.xml:24:13-77
239            android:authorities="com.jaggus.vendor.firebaseinitprovider"
239-->[com.google.firebase:firebase-common:20.4.3] AndroidManifest.xml:25:13-72
240            android:directBootAware="true"
240-->[com.google.firebase:firebase-common:20.4.3] AndroidManifest.xml:26:13-43
241            android:exported="false"
241-->[com.google.firebase:firebase-common:20.4.3] AndroidManifest.xml:27:13-37
242            android:initOrder="100" />
242-->[com.google.firebase:firebase-common:20.4.3] AndroidManifest.xml:28:13-36
243
244        <uses-library
244-->[androidx.window:window:1.2.0] AndroidManifest.xml:23:9-25:40
245            android:name="androidx.window.extensions"
245-->[androidx.window:window:1.2.0] AndroidManifest.xml:24:13-54
246            android:required="false" />
246-->[androidx.window:window:1.2.0] AndroidManifest.xml:25:13-37
247        <uses-library
247-->[androidx.window:window:1.2.0] AndroidManifest.xml:26:9-28:40
248            android:name="androidx.window.sidecar"
248-->[androidx.window:window:1.2.0] AndroidManifest.xml:27:13-51
249            android:required="false" />
249-->[androidx.window:window:1.2.0] AndroidManifest.xml:28:13-37
250
251        <receiver
251-->[com.google.android.gms:play-services-measurement:21.6.1] AndroidManifest.xml:29:9-33:20
252            android:name="com.google.android.gms.measurement.AppMeasurementReceiver"
252-->[com.google.android.gms:play-services-measurement:21.6.1] AndroidManifest.xml:30:13-85
253            android:enabled="true"
253-->[com.google.android.gms:play-services-measurement:21.6.1] AndroidManifest.xml:31:13-35
254            android:exported="false" >
254-->[com.google.android.gms:play-services-measurement:21.6.1] AndroidManifest.xml:32:13-37
255        </receiver>
256
257        <service
257-->[com.google.android.gms:play-services-measurement:21.6.1] AndroidManifest.xml:35:9-38:40
258            android:name="com.google.android.gms.measurement.AppMeasurementService"
258-->[com.google.android.gms:play-services-measurement:21.6.1] AndroidManifest.xml:36:13-84
259            android:enabled="true"
259-->[com.google.android.gms:play-services-measurement:21.6.1] AndroidManifest.xml:37:13-35
260            android:exported="false" />
260-->[com.google.android.gms:play-services-measurement:21.6.1] AndroidManifest.xml:38:13-37
261        <service
261-->[com.google.android.gms:play-services-measurement:21.6.1] AndroidManifest.xml:39:9-43:72
262            android:name="com.google.android.gms.measurement.AppMeasurementJobService"
262-->[com.google.android.gms:play-services-measurement:21.6.1] AndroidManifest.xml:40:13-87
263            android:enabled="true"
263-->[com.google.android.gms:play-services-measurement:21.6.1] AndroidManifest.xml:41:13-35
264            android:exported="false"
264-->[com.google.android.gms:play-services-measurement:21.6.1] AndroidManifest.xml:42:13-37
265            android:permission="android.permission.BIND_JOB_SERVICE" />
265-->[com.google.android.gms:play-services-measurement:21.6.1] AndroidManifest.xml:43:13-69
266
267        <uses-library
267-->[androidx.privacysandbox.ads:ads-adservices:1.0.0-beta05] AndroidManifest.xml:23:9-25:40
268            android:name="android.ext.adservices"
268-->[androidx.privacysandbox.ads:ads-adservices:1.0.0-beta05] AndroidManifest.xml:24:13-50
269            android:required="false" />
269-->[androidx.privacysandbox.ads:ads-adservices:1.0.0-beta05] AndroidManifest.xml:25:13-37
270
271        <meta-data
271-->[com.google.android.gms:play-services-basement:18.3.0] AndroidManifest.xml:21:9-23:69
272            android:name="com.google.android.gms.version"
272-->[com.google.android.gms:play-services-basement:18.3.0] AndroidManifest.xml:22:13-58
273            android:value="@integer/google_play_services_version" />
273-->[com.google.android.gms:play-services-basement:18.3.0] AndroidManifest.xml:23:13-66
274
275        <provider
275-->[androidx.lifecycle:lifecycle-process:2.7.0] AndroidManifest.xml:24:9-32:20
276            android:name="androidx.startup.InitializationProvider"
276-->[androidx.lifecycle:lifecycle-process:2.7.0] AndroidManifest.xml:25:13-67
277            android:authorities="com.jaggus.vendor.androidx-startup"
277-->[androidx.lifecycle:lifecycle-process:2.7.0] AndroidManifest.xml:26:13-68
278            android:exported="false" >
278-->[androidx.lifecycle:lifecycle-process:2.7.0] AndroidManifest.xml:27:13-37
279            <meta-data
279-->[androidx.lifecycle:lifecycle-process:2.7.0] AndroidManifest.xml:29:13-31:52
280                android:name="androidx.lifecycle.ProcessLifecycleInitializer"
280-->[androidx.lifecycle:lifecycle-process:2.7.0] AndroidManifest.xml:30:17-78
281                android:value="androidx.startup" />
281-->[androidx.lifecycle:lifecycle-process:2.7.0] AndroidManifest.xml:31:17-49
282            <meta-data
282-->[androidx.profileinstaller:profileinstaller:1.3.1] AndroidManifest.xml:29:13-31:52
283                android:name="androidx.profileinstaller.ProfileInstallerInitializer"
283-->[androidx.profileinstaller:profileinstaller:1.3.1] AndroidManifest.xml:30:17-85
284                android:value="androidx.startup" />
284-->[androidx.profileinstaller:profileinstaller:1.3.1] AndroidManifest.xml:31:17-49
285        </provider>